生成启动时间为 2018/7/16 15:34:26。
     1>项目“E:\C++学习实例\8函数模板和类模板\8函数模板和类模板\8函数模板和类模板.vcxproj”在节点 2 上(Build 个目标)。
     1>ClCompile:
         D:\Program Files (x86)\VC\bin\CL.exe /c /ZI /nologo /W3 /WX- /sdl /Od /Oy- /D WIN32 /D _DEBUG /D _CONSOLE /D _LIB /D _UNICODE /D UNICODE /Gm /EHsc /RTC1 /MDd /GS /fp:precise /Zc:wchar_t /Zc:forScope /Fo"Debug\\" /Fd"Debug\vc120.pdb" /Gd /TP /analyze- /errorReport:prompt "6类模板的基本语法.cpp" "7类模板的函数在类的内部.cpp"
         7类模板的函数在类的内部.cpp
         6类模板的基本语法.cpp
         正在生成代码...
       Link:
         D:\Program Files (x86)\VC\bin\link.exe /ERRORREPORT:PROMPT /OUT:"E:\C++学习实例\8函数模板和类模板\Debug\8函数模板和类模板.exe" /INCREMENTAL /NOLOGO kernel32.lib user32.lib gdi32.lib winspool.lib comdlg32.lib advapi32.lib shell32.lib ole32.lib oleaut32.lib uuid.lib odbc32.lib odbccp32.lib /MANIFEST /MANIFESTUAC:"level='asInvoker' uiAccess='false'" /manifest:embed /DEBUG /PDB:"E:\C++学习实例\8函数模板和类模板\Debug\8函数模板和类模板.pdb" /SUBSYSTEM:CONSOLE /TLBID:1 /DYNAMICBASE /NXCOMPAT /IMPLIB:"E:\C++学习实例\8函数模板和类模板\Debug\8函数模板和类模板.lib" /MACHINE:X86 "Debug\1认识函数模板.obj"
         "Debug\2为什么要有函数模板.obj"
         "Debug\3函数模板作为函数参数.obj"
         "Debug\4函数模板遇上函数重载.obj"
         "Debug\5函数模板和普通函数的研究.obj"
         "Debug\6类模板的基本语法.obj"
         "Debug\7类模板的函数在类的内部.obj"
     1>MSVCRTD.lib(crtexe.obj) : error LNK2019: 无法解析的外部符号 _main，该符号在函数 ___tmainCRTStartup 中被引用
     1>E:\C++学习实例\8函数模板和类模板\Debug\8函数模板和类模板.exe : fatal error LNK1120: 1 个无法解析的外部命令
     1>已完成生成项目“E:\C++学习实例\8函数模板和类模板\8函数模板和类模板\8函数模板和类模板.vcxproj”(Build 个目标)的操作 - 失败。

生成失败。

已用时间 00:00:01.35
